# JRE version: Java(TM) SE Runtime Environment (8.0_291-b10) (build 1.8.0_291-b10)
# Java VM: Java HotSpot(TM) 64-Bit Server VM (25.291-b10 mixed mode windows-amd64 compressed oops)
Heap:
 PSYoungGen      total 1193472K, used 252747K [0x0000000715d00000, 0x0000000767980000, 0x00000007c0000000)
  eden space 1152000K, 18% used [0x0000000715d00000,0x0000000722b93820,0x000000075c200000)
  from space 41472K, 99% used [0x0000000765100000,0x000000076793f540,0x0000000767980000)
  to   space 84480K, 0% used [0x000000075d480000,0x000000075d480000,0x0000000762700000)
 ParOldGen       total 367616K, used 240592K [0x00000005c1600000, 0x00000005d7d00000, 0x0000000715d00000)
  object space 367616K, 65% used [0x00000005c1600000,0x00000005d00f4218,0x00000005d7d00000)
 Metaspace       used 65245K, capacity 66331K, committed 66728K, reserved 1107968K
  class space    used 8016K, capacity 8302K, committed 8360K, reserved 1048576K
GC Heap History (10 events):
Event: 25.110 GC heap before
{Heap before GC invocations=19 (full 5):
 PSYoungGen      total 1188352K, used 84983K [0x0000000715d00000, 0x0000000766a00000, 0x00000007c0000000)
  eden space 1103360K, 0% used [0x0000000715d00000,0x0000000715d00000,0x0000000759280000)
  from space 84992K, 99% used [0x000000075f600000,0x00000007648fdc20,0x0000000764900000)
  to   space 101888K, 0% used [0x0000000759280000,0x0000000759280000,0x000000075f600000)
 ParOldGen       total 367616K, used 163323K [0x00000005c1600000, 0x00000005d7d00000, 0x0000000715d00000)
  object space 367616K, 44% used [0x00000005c1600000,0x00000005cb57ede0,0x00000005d7d00000)
 Metaspace       used 61919K, capacity 62907K, committed 63400K, reserved 1103872K
  class space    used 7772K, capacity 8026K, committed 8104K, reserved 1048576K
Event: 25.431 GC heap after
Heap after GC invocations=19 (full 5):
 PSYoungGen      total 1188352K, used 0K [0x0000000715d00000, 0x0000000766a00000, 0x00000007c0000000)
  eden space 1103360K, 0% used [0x0000000715d00000,0x0000000715d00000,0x0000000759280000)
  from space 84992K, 0% used [0x000000075f600000,0x000000075f600000,0x0000000764900000)
  to   space 101888K, 0% used [0x0000000759280000,0x0000000759280000,0x000000075f600000)
 ParOldGen       total 367616K, used 240312K [0x00000005c1600000, 0x00000005d7d00000, 0x0000000715d00000)
  object space 367616K, 65% used [0x00000005c1600000,0x00000005d00ae208,0x00000005d7d00000)
 Metaspace       used 61919K, capacity 62907K, committed 63400K, reserved 1103872K
  class space    used 7772K, capacity 8026K, committed 8104K, reserved 1048576K
}
Event: 26.893 GC heap before
{Heap before GC invocations=20 (full 5):
 PSYoungGen      total 1188352K, used 1103360K [0x0000000715d00000, 0x0000000766a00000, 0x00000007c0000000)
  eden space 1103360K, 100% used [0x0000000715d00000,0x0000000759280000,0x0000000759280000)
  from space 84992K, 0% used [0x000000075f600000,0x000000075f600000,0x0000000764900000)
  to   space 101888K, 0% used [0x0000000759280000,0x0000000759280000,0x000000075f600000)
 ParOldGen       total 367616K, used 240312K [0x00000005c1600000, 0x00000005d7d00000, 0x0000000715d00000)
  object space 367616K, 65% used [0x00000005c1600000,0x00000005d00ae208,0x00000005d7d00000)
 Metaspace       used 63194K, capacity 64245K, committed 64808K, reserved 1105920K
  class space    used 7877K, capacity 8141K, committed 8232K, reserved 1048576K
Event: 26.905 GC heap after
Heap after GC invocations=20 (full 5):
 PSYoungGen      total 1205248K, used 48765K [0x0000000715d00000, 0x0000000770680000, 0x00000007c0000000)
  eden space 1103360K, 0% used [0x0000000715d00000,0x0000000715d00000,0x0000000759280000)
  from space 101888K, 47% used [0x0000000759280000,0x000000075c21f760,0x000000075f600000)
  to   space 97792K, 0% used [0x000000076a700000,0x000000076a700000,0x0000000770680000)
 ParOldGen       total 367616K, used 240576K [0x00000005c1600000, 0x00000005d7d00000, 0x0000000715d00000)
  object space 367616K, 65% used [0x00000005c1600000,0x00000005d00f0218,0x00000005d7d00000)
 Metaspace       used 63194K, capacity 64245K, committed 64808K, reserved 1105920K
  class space    used 7877K, capacity 8141K, committed 8232K, reserved 1048576K
}
Event: 193.330 GC heap before
{Heap before GC invocations=21 (full 5):
 PSYoungGen      total 1205248K, used 1152125K [0x0000000715d00000, 0x0000000770680000, 0x00000007c0000000)
  eden space 1103360K, 100% used [0x0000000715d00000,0x0000000759280000,0x0000000759280000)
  from space 101888K, 47% used [0x0000000759280000,0x000000075c21f760,0x000000075f600000)
  to   space 97792K, 0% used [0x000000076a700000,0x000000076a700000,0x0000000770680000)
 ParOldGen       total 367616K, used 240576K [0x00000005c1600000, 0x00000005d7d00000, 0x0000000715d00000)
  object space 367616K, 65% used [0x00000005c1600000,0x00000005d00f0218,0x00000005d7d00000)
 Metaspace       used 63841K, capacity 64885K, committed 65320K, reserved 1105920K
  class space    used 7877K, capacity 8141K, committed 8232K, reserved 1048576K
Event: 193.340 GC heap after
Heap after GC invocations=21 (full 5):
 PSYoungGen      total 1305600K, used 41605K [0x0000000715d00000, 0x000000076da80000, 0x00000007c0000000)
  eden space 1252864K, 0% used [0x0000000715d00000,0x0000000715d00000,0x0000000762480000)
  from space 52736K, 78% used [0x000000076a700000,0x000000076cfa1610,0x000000076da80000)
  to   space 93184K, 0% used [0x0000000762480000,0x0000000762480000,0x0000000767f80000)
 ParOldGen       total 367616K, used 240584K [0x00000005c1600000, 0x00000005d7d00000, 0x0000000715d00000)
  object space 367616K, 65% used [0x00000005c1600000,0x00000005d00f2218,0x00000005d7d00000)
 Metaspace       used 63841K, capacity 64885K, committed 65320K, reserved 1105920K
  class space    used 7877K, capacity 8141K, committed 8232K, reserved 1048576K
}
Event: 502.573 GC heap before
{Heap before GC invocations=22 (full 5):
 PSYoungGen      total 1305600K, used 1294469K [0x0000000715d00000, 0x000000076da80000, 0x00000007c0000000)
  eden space 1252864K, 100% used [0x0000000715d00000,0x0000000762480000,0x0000000762480000)
  from space 52736K, 78% used [0x000000076a700000,0x000000076cfa1610,0x000000076da80000)
  to   space 93184K, 0% used [0x0000000762480000,0x0000000762480000,0x0000000767f80000)
 ParOldGen       total 367616K, used 240584K [0x00000005c1600000, 0x00000005d7d00000, 0x0000000715d00000)
  object space 367616K, 65% used [0x00000005c1600000,0x00000005d00f2218,0x00000005d7d00000)
 Metaspace       used 64388K, capacity 65467K, committed 65832K, reserved 1107968K
  class space    used 7926K, capacity 8206K, committed 8232K, reserved 1048576K
Event: 502.588 GC heap after
Heap after GC invocations=22 (full 5):
 PSYoungGen      total 1242624K, used 41339K [0x0000000715d00000, 0x000000076a780000, 0x00000007c0000000)
  eden space 1201152K, 0% used [0x0000000715d00000,0x0000000715d00000,0x000000075f200000)
  from space 41472K, 99% used [0x0000000762480000,0x0000000764cdef70,0x0000000764d00000)
  to   space 88576K, 0% used [0x0000000765100000,0x0000000765100000,0x000000076a780000)
 ParOldGen       total 367616K, used 240592K [0x00000005c1600000, 0x00000005d7d00000, 0x0000000715d00000)
  object space 367616K, 65% used [0x00000005c1600000,0x00000005d00f4218,0x00000005d7d00000)
 Metaspace       used 64388K, capacity 65467K, committed 65832K, reserved 1107968K
  class space    used 7926K, capacity 8206K, committed 8232K, reserved 1048576K
}
Event: 846.670 GC heap before
{Heap before GC invocations=23 (full 5):
 PSYoungGen      total 1242624K, used 1242491K [0x0000000715d00000, 0x000000076a780000, 0x00000007c0000000)
  eden space 1201152K, 100% used [0x0000000715d00000,0x000000075f200000,0x000000075f200000)
  from space 41472K, 99% used [0x0000000762480000,0x0000000764cdef70,0x0000000764d00000)
  to   space 88576K, 0% used [0x0000000765100000,0x0000000765100000,0x000000076a780000)
 ParOldGen       total 367616K, used 240592K [0x00000005c1600000, 0x00000005d7d00000, 0x0000000715d00000)
  object space 367616K, 65% used [0x00000005c1600000,0x00000005d00f4218,0x00000005d7d00000)
 Metaspace       used 65164K, capacity 66235K, committed 66728K, reserved 1107968K
  class space    used 8007K, capacity 8270K, committed 8360K, reserved 1048576K
Event: 846.682 GC heap after
Heap after GC invocations=23 (full 5):
 PSYoungGen      total 1193472K, used 41213K [0x0000000715d00000, 0x0000000767980000, 0x00000007c0000000)
  eden space 1152000K, 0% used [0x0000000715d00000,0x0000000715d00000,0x000000075c200000)
  from space 41472K, 99% used [0x0000000765100000,0x000000076793f540,0x0000000767980000)
  to   space 84480K, 0% used [0x000000075d480000,0x000000075d480000,0x0000000762700000)
 ParOldGen       total 367616K, used 240592K [0x00000005c1600000, 0x00000005d7d00000, 0x0000000715d00000)
  object space 367616K, 65% used [0x00000005c1600000,0x00000005d00f4218,0x00000005d7d00000)
 Metaspace       used 65164K, capacity 66235K, committed 66728K, reserved 1107968K
  class space    used 8007K, capacity 8270K, committed 8360K, reserved 1048576K
}

